5:19:30 PM	Started adding generated files
5:19:30 PM	path = C:\Net\Projects\DI.Colef.Sia\app\DI.Colef.Sia.Core\Catalogos\; exists? True
5:19:30 PM	Added file C:\Net\Projects\DI.Colef.Sia\app\DI.Colef.Sia.Core\TipoResena.cs to project C:\Net\Projects\DI.Colef.Sia\app\DI.Colef.Sia.Core\DI.Colef.Sia.Core.csproj
5:19:30 PM	path = C:\Net\Projects\DI.Colef.Sia\app\DI.Colef.Sia.Web\Views\Catalogos\; exists? True
5:19:30 PM	File already exists C:\Net\Projects\DI.Colef.Sia\app\DI.Colef.Sia.Web\Views\Catalogos\TipoResena\_Form.ascx
5:19:30 PM	File already exists C:\Net\Projects\DI.Colef.Sia\app\DI.Colef.Sia.Web\Views\Catalogos\TipoResena\New.aspx
5:19:30 PM	File already exists C:\Net\Projects\DI.Colef.Sia\app\DI.Colef.Sia.Web\Views\Catalogos\TipoResena\Edit.aspx
5:19:30 PM	File already exists C:\Net\Projects\DI.Colef.Sia\app\DI.Colef.Sia.Web\Views\Catalogos\TipoResena\Index.aspx
5:19:30 PM	File already exists C:\Net\Projects\DI.Colef.Sia\app\DI.Colef.Sia.Web\Views\Catalogos\TipoResena\Activate.js.ascx
5:19:30 PM	path = C:\Net\Projects\DI.Colef.Sia\app\DI.Colef.Sia.Web.Controllers\Models\Catalogos\; exists? False
5:19:30 PM	Added directory C:\Net\Projects\DI.Colef.Sia\app\DI.Colef.Sia.Web.Controllers\Models\Catalogos\
5:19:30 PM	Added file C:\Net\Projects\DI.Colef.Sia\app\DI.Colef.Sia.Web.Controllers\Models\TipoResenaForm.cs to project C:\Net\Projects\DI.Colef.Sia\app\DI.Colef.Sia.Web.Controllers\DI.Colef.Sia.Web.Controllers.csproj
5:19:30 PM	path = C:\Net\Projects\DI.Colef.Sia\app\DI.Colef.Sia.Web.Controllers\Catalogos\; exists? True
5:19:30 PM	Added file Catalogos\TipoResenaController.cs to project C:\Net\Projects\DI.Colef.Sia\app\DI.Colef.Sia.Web.Controllers\DI.Colef.Sia.Web.Controllers.csproj
5:19:30 PM	path = C:\Net\Projects\DI.Colef.Sia\app\DI.Colef.Sia.ApplicationServices\Catalogos\; exists? False
5:19:30 PM	Added directory C:\Net\Projects\DI.Colef.Sia\app\DI.Colef.Sia.ApplicationServices\Catalogos\
5:19:30 PM	Added file C:\Net\Projects\DI.Colef.Sia\app\DI.Colef.Sia.ApplicationServices\ITipoResenaService.cs to project C:\Net\Projects\DI.Colef.Sia\app\DI.Colef.Sia.ApplicationServices\DI.Colef.Sia.ApplicationServices.csproj
5:19:30 PM	path = C:\Net\Projects\DI.Colef.Sia\app\DI.Colef.Sia.ApplicationServices\Impl\Catalogos\; exists? False
5:19:30 PM	Added directory C:\Net\Projects\DI.Colef.Sia\app\DI.Colef.Sia.ApplicationServices\Impl\Catalogos\
5:19:30 PM	Added file C:\Net\Projects\DI.Colef.Sia\app\DI.Colef.Sia.ApplicationServices\Impl\TipoResenaService.cs to project C:\Net\Projects\DI.Colef.Sia\app\DI.Colef.Sia.ApplicationServices\DI.Colef.Sia.ApplicationServices.csproj
5:19:30 PM	path = C:\Net\Projects\DI.Colef.Sia\app\DI.Colef.Sia.Web.Controllers\Mappers\Catalogos\; exists? False
5:19:30 PM	Added directory C:\Net\Projects\DI.Colef.Sia\app\DI.Colef.Sia.Web.Controllers\Mappers\Catalogos\
5:19:30 PM	Added file C:\Net\Projects\DI.Colef.Sia\app\DI.Colef.Sia.Web.Controllers\Mappers\ITipoResenaMapper.cs to project C:\Net\Projects\DI.Colef.Sia\app\DI.Colef.Sia.Web.Controllers\DI.Colef.Sia.Web.Controllers.csproj
5:19:30 PM	path = C:\Net\Projects\DI.Colef.Sia\app\DI.Colef.Sia.Web.Controllers\Mappers\Impl\Catalogos\; exists? False
5:19:30 PM	Added directory C:\Net\Projects\DI.Colef.Sia\app\DI.Colef.Sia.Web.Controllers\Mappers\Impl\Catalogos\
5:19:30 PM	Added file C:\Net\Projects\DI.Colef.Sia\app\DI.Colef.Sia.Web.Controllers\Mappers\Impl\TipoResenaMapper.cs to project C:\Net\Projects\DI.Colef.Sia\app\DI.Colef.Sia.Web.Controllers\DI.Colef.Sia.Web.Controllers.csproj
5:19:30 PM	Finished adding generated files
